187:/usr/local/share/lua/5.2/busted/outputHandlers/utfTerminal.lua
7 7 0 7 0 7 0 0 0 7 0 0 0 7 7 0 7 7 7 7 0 0 0 0 0 0 0 0 0 0 0 0 0 0 0 0 7 0 0 2 2 2 0 0 0 0 0 0 2 7 0 0 2 2 2 0 0 2 1 2 2 0 1 1 1 2 1 0 0 2 1 0 0 2 7 0 0 7 7 7 7 0 7 7 7 7 7 0 7 1 6 0 0 0 7 7 0 0 0 0 7 7 0 0 0 0 7 5 2 2 0 0 7 0 7 7 7 7 7 7 0 0 42 42 0 42 0 42 0 42 1 0 0 42 42 0 0 42 7 0 0 7 7 7 0 7 7 0 0 7 7 0 7 0 0 0 0 7 0 0 0 0 9 2 2 0 0 7 7 0 0 0 0 0 0 7 0 7 7 7 7 7 7 7 0 7 7 
154:/usr/local/share/lua/5.2/mediator.lua
0 224 0 0 0 224 224 224 224 0 0 0 0 0 224 0 224 224 0 0 0 0 0 169 169 169 169 169 169 0 0 224 224 0 224 0 224 140 140 0 105 0 0 224 0 224 169 0 0 0 0 0 0 0 0 0 0 0 0 169 0 0 0 0 0 0 0 0 169 0 0 169 169 169 0 0 0 169 0 0 871 169 0 0 0 0 0 0 0 0 0 0 0 169 0 0 898 441 0 0 441 0 441 0 441 441 0 0 0 457 302 0 155 0 169 169 0 0 0 0 0 0 0 0 0 0 0 0 0 0 0 457 0 1328 871 0 0 457 0 0 0 224 0 0 0 0 0 0 0 0 0 0 0 233 
90:/Users/louis77/.luarocks/share/lua/5.2/mime.lua
0 0 0 0 0 0 0 0 0 6 6 6 6 6 6 0 0 6 0 6 6 6 0 0 0 0 0 0 0 0 0 0 0 18 6 0 0 0 0 6 0 0 0 0 6 0 0 0 0 6 0 0 0 6 0 0 0 0 0 0 6 0 0 0 0 0 6 6 6 0 0 0 6 0 0 6 6 6 0 0 6 0 6 0 0 6 0 6 0 6 
354:/Users/louis77/.luarocks/share/lua/5.2/socket/http.lua
0 0 0 0 0 0 0 0 0 6 6 6 6 6 6 6 6 6 6 0 0 0 0 0 6 0 6 0 6 0 0 0 0 0 94 94 0 94 94 0 645 0 551 551 551 0 551 551 0 551 0 0 0 0 0 551 551 0 94 6 0 0 0 0 6 94 47 47 47 0 0 94 94 94 94 0 94 0 47 47 47 0 0 47 47 0 94 47 6 0 6 0 0 0 0 0 0 0 0 0 0 6 0 0 0 0 6 0 6 0 47 47 0 47 0 47 47 0 47 6 0 12 47 47 6 0 12 47 47 382 335 0 47 47 6 0 12 47 47 0 47 47 47 6 0 12 47 0 0 47 0 47 47 47 6 0 12 47 6 0 12 47 47 47 47 47 47 0 94 94 6 0 12 0 0 0 6 0 12 47 6 0 0 0 0 0 47 0 47 47 47 47 47 47 47 0 47 6 0 0 47 47 0 0 0 47 0 6 0 0 0 47 47 47 47 47 0 0 47 0 0 0 0 194 147 0 47 6 0 0 6 6 6 6 6 0 0 0 0 47 0 517 47 94 47 0 47 0 47 0 47 47 6 0 0 47 0 0 0 0 47 6 0 0 47 47 47 47 6 0 0 6 0 6 0 0 0 0 0 0 0 0 0 0 0 0 0 0 0 6 0 6 0 0 47 47 0 47 47 0 47 47 0 47 0 47 0 0 0 47 0 47 0 0 0 47 0 0 47 0 0 0 0 47 47 0 47 47 6 0 0 0 0 0 0 0 0 0 0 0 0 0 0 0 0 0 6 0 12 47 47 12 0 6 
162:/usr/local/share/lua/5.2/luassert/assert.lua
0 0 0 0 0 0 0 0 0 0 0 0 0 0 0 0 0 0 0 0 0 0 0 0 0 76 76 0 76 0 216 140 0 0 76 216 140 64 0 0 0 76 76 76 0 76 0 0 0 0 0 0 0 0 76 0 0 76 0 0 0 0 0 0 0 0 0 0 0 0 0 0 0 280 140 0 0 140 0 0 0 0 76 0 0 0 0 0 0 0 0 0 0 0 0 0 0 0 0 0 0 0 0 0 0 0 0 0 0 0 0 0 0 0 0 0 0 0 0 0 0 0 0 0 0 0 0 0 0 0 0 0 0 0 0 0 0 0 0 0 0 0 0 0 0 0 0 0 0 0 0 0 0 59 0 0 0 59 0 0 0 76 
79:tests/tests_spec.lua
6 6 0 12 6 0 12 6 6 12 0 12 6 0 12 6 6 6 12 0 12 6 6 12 0 12 6 5 5 11 0 12 6 6 6 12 12 0 12 6 6 6 0 12 6 12 0 12 6 6 6 12 0 12 6 6 6 12 0 12 6 6 6 12 12 0 0 0 0 0 0 0 0 0 0 0 0 0 18 
81:/usr/local/share/lua/5.2/pl/types.lua
0 0 0 0 0 0 0 0 0 0 0 0 0 0 0 0 0 0 0 0 0 0 0 0 0 0 0 0 0 0 0 0 0 0 0 0 0 0 0 0 0 0 0 0 0 0 0 0 0 0 0 0 0 0 0 0 0 0 0 0 0 0 0 0 18 0 0 0 0 0 0 12 12 0 0 0 0 0 0 6 6 
48:/usr/local/share/lua/5.2/say/init.lua
0 0 0 0 0 0 0 0 0 0 0 0 0 7 7 0 0 7 0 0 0 0 0 0 0 0 0 126 126 0 0 0 0 121 0 121 0 121 0 0 121 121 0 298 177 0 0 121 
32:/usr/local/share/lua/5.2/busted/modules/output_handler_loader.lua
0 0 0 0 0 7 0 14 7 0 7 0 0 7 0 14 0 7 0 0 0 7 0 0 0 0 7 0 0 0 7 7 
31:/usr/local/share/lua/5.2/busted/environment.lua
0 0 0 0 0 0 0 4928 0 4826 3862 4826 0 0 0 0 0 0 0 0 1066 0 0 0 0 0 0 0 0 0 6 
299:/usr/local/share/lua/5.2/requests.lua
0 0 6 6 6 6 6 6 6 6 0 6 6 6 6 0 0 6 0 0 0 6 0 6 0 0 0 6 0 6 0 6 47 6 0 6 0 6 0 6 0 6 0 6 0 6 0 6 0 6 0 6 0 6 0 6 0 6 0 6 0 6 0 0 6 47 0 47 0 0 47 47 0 0 47 47 0 0 47 0 0 0 47 0 6 0 0 6 47 47 47 47 47 47 47 47 47 0 0 47 47 47 0 47 0 47 47 94 47 0 47 6 0 0 6 47 47 47 47 47 53 0 0 6 47 0 0 0 0 0 0 0 0 0 0 0 0 0 0 0 0 0 0 0 0 0 0 0 6 0 0 6 47 47 53 0 0 6 47 47 0 47 0 0 0 0 0 0 0 47 0 0 53 0 0 6 47 0 47 41 0 53 0 0 6 47 47 53 0 0 6 47 0 0 53 0 0 6 0 0 6 0 0 6 0 0 0 0 0 0 0 0 0 0 6 0 0 0 0 6 0 0 6 0 0 0 0 0 0 0 0 6 0 0 6 0 0 0 0 0 0 0 0 0 0 0 0 0 0 0 0 0 6 0 0 0 6 0 0 0 0 0 0 0 0 0 0 0 0 6 0 0 6 0 0 0 0 0 0 0 0 0 0 0 6 0 0 6 0 0 0 0 0 0 6 0 0 6 6 
26:/usr/local/share/lua/5.2/md5.lua
0 0 0 0 6 6 6 0 0 0 6 0 0 0 0 0 0 0 6 0 0 0 0 6 0 6 
174:/usr/local/share/lua/5.2/busted/runner.lua
0 0 0 0 0 0 0 0 0 0 6 0 0 0 0 0 0 0 0 0 0 0 0 0 0 0 0 0 0 0 0 0 0 0 0 0 0 0 0 0 0 0 0 0 0 0 0 0 0 0 0 0 0 0 0 0 0 0 0 7 0 0 0 0 7 0 0 0 0 0 7 7 0 0 7 7 0 0 0 7 7 7 0 14 0 0 7 0 14 0 0 7 0 14 2 2 2 7 0 14 0 0 0 0 0 0 0 7 0 0 7 7 7 0 0 14 7 7 7 7 7 7 7 0 0 0 14 7 7 7 7 7 7 0 0 0 7 0 0 0 0 0 0 0 0 7 7 7 14 7 7 7 7 7 0 0 0 7 0 0 0 0 0 0 7 7 7 0 7 0 7 2 0 5 
150:/usr/local/share/lua/5.2/luassert/assertions.lua
0 0 0 0 0 0 0 0 0 0 0 0 0 0 0 0 0 0 76 0 0 76 0 0 0 0 0 0 0 0 0 0 0 0 0 0 0 0 0 0 0 0 0 0 0 0 0 0 0 0 0 0 0 0 0 0 0 0 0 0 0 0 0 0 0 0 0 0 0 0 0 0 0 0 0 0 0 0 0 0 0 0 0 0 0 0 0 0 0 0 0 0 0 0 0 0 0 0 0 0 0 0 0 0 0 0 0 0 0 0 0 0 59 59 59 59 0 59 59 59 0 0 0 0 0 0 0 0 0 0 0 0 0 0 0 0 0 0 0 0 0 0 0 0 17 17 0 0 0 6 
173:/usr/local/share/lua/5.2/busted/outputHandlers/base.lua
7 0 0 7 7 7 7 7 7 7 7 7 7 7 0 0 0 126 7 0 0 7 7 0 7 0 0 0 7 7 7 7 7 7 7 7 7 7 14 0 0 43 43 0 127 126 0 84 84 0 0 43 7 0 0 43 43 43 43 43 43 43 43 43 43 43 43 0 0 43 7 0 0 7 0 0 0 7 7 0 0 7 7 7 0 0 0 0 0 0 0 0 0 0 0 0 0 7 0 0 7 7 7 0 0 42 42 7 0 0 42 0 42 41 41 1 0 0 1 0 0 0 1 0 1 1 0 0 41 0 41 41 41 0 0 0 41 0 0 41 0 41 7 0 0 0 0 0 0 7 0 0 0 0 7 0 0 1 1 1 7 0 0 2 1 1 0 0 2 7 0 7 7 
279:/usr/local/share/lua/5.2/busted/core.lua
0 0 0 0 0 0 0 0 0 0 0 0 0 0 0 0 0 0 0 0 0 0 0 0 0 1 1 0 1 0 0 1 0 0 0 1 0 0 0 6 0 0 0 0 0 0 0 0 0 0 0 0 0 0 0 0 0 0 0 0 0 73 0 73 73 73 73 0 0 0 0 73 73 0 73 73 0 0 0 1 1 1 1 0 1 1 0 0 0 0 0 1 0 0 0 233 0 0 0 224 0 0 0 0 0 0 0 74 0 126 126 6 6 6 6 6 6 0 0 120 68 68 68 68 68 0 0 52 0 0 0 0 0 0 0 0 0 0 0 0 0 0 0 0 0 0 0 0 0 0 0 0 0 0 0 0 0 6 0 6 0 6 0 0 290 290 290 0 580 1 1 1 581 0 290 1 0 0 0 0 1 0 290 0 290 290 0 0 0 146 146 292 146 292 146 0 0 0 0 0 0 0 0 0 0 0 0 0 0 0 0 0 0 0 0 0 0 0 0 0 0 0 0 0 0 78 12 12 0 0 78 0 78 78 72 0 0 0 78 156 0 78 78 0 0 0 0 0 0 0 0 78 78 78 78 78 78 78 0 0 78 0 78 42 0 36 0 78 0 0 0 31 109 78 78 132 66 0 31 
85:/usr/local/share/lua/5.2/moonscript/base.lua
0 0 0 0 0 0 0 0 0 0 0 0 0 0 0 0 0 0 0 0 0 0 0 0 0 0 0 0 0 0 0 0 0 0 0 0 0 0 0 0 0 0 0 0 0 0 0 0 0 0 0 0 0 0 0 0 0 0 0 0 0 0 0 0 0 0 214 214 1712 1498 1498 1498 0 0 0 214 0 0 0 0 0 0 0 0 214 
151:/usr/local/share/lua/5.2/luarocks/deps.lua
0 0 0 0 0 0 0 0 0 0 0 0 0 0 0 0 0 0 0 0 0 0 0 0 0 0 0 0 0 0 0 0 0 0 0 0 0 0 0 0 0 0 0 0 0 0 0 0 0 0 0 0 0 0 0 0 0 0 0 0 0 0 0 0 0 0 0 0 0 0 0 0 0 0 0 0 28 21 21 0 0 0 7 7 0 0 0 0 0 0 0 0 0 0 0 0 0 0 0 0 0 0 0 0 0 0 50 50 0 50 50 0 0 0 50 50 0 0 126 126 176 0 0 50 50 0 50 50 50 50 0 190 0 140 140 126 0 0 14 14 0 0 0 0 14 0 140 0 50 50 50 
167:/usr/local/share/lua/5.2/ssl.lua
0 0 0 0 0 0 6 6 6 0 6 0 6 6 0 0 6 0 0 0 6 0 0 0 0 0 94 94 0 0 94 0 0 0 6 0 0 0 0 6 47 0 47 47 0 47 47 0 47 0 0 0 0 0 0 0 0 0 0 47 0 0 0 0 47 0 0 0 0 47 0 0 0 0 47 47 0 47 47 0 47 0 0 0 0 0 0 0 0 0 47 0 0 0 0 0 0 47 0 0 0 0 47 0 0 0 0 47 6 0 0 0 0 6 47 47 47 47 0 0 0 47 47 47 47 47 47 0 0 6 0 0 0 0 0 0 0 0 0 0 0 0 0 0 0 0 0 0 0 0 0 0 0 0 0 0 0 0 0 0 0 6 0 0 0 0 6 
103:/usr/local/share/lua/5.2/busted/modules/filter_loader.lua
0 0 0 42 42 0 126 126 84 84 0 0 42 7 0 0 0 0 7 0 0 60 0 0 0 0 60 7 0 0 42 42 0 0 0 0 42 7 0 0 60 0 0 0 0 60 7 0 0 42 0 0 0 0 42 7 0 0 0 0 0 0 0 0 0 7 0 0 0 7 0 0 0 7 0 0 56 98 70 0 0 63 0 7 0 0 0 0 0 0 0 0 7 7 7 7 0 0 7 7 7 7 7 
307:/Users/louis77/.luarocks/share/lua/5.2/socket/url.lua
0 0 0 0 0 0 0 0 0 6 6 6 6 0 6 6 0 0 0 0 6 0 0 0 0 0 0 0 0 6 0 0 0 6 0 0 0 0 0 0 0 0 0 0 6 102 96 0 6 6 0 0 0 12 6 6 6 0 0 564 0 0 564 6 0 0 0 0 0 0 0 0 6 564 0 564 6 0 0 0 0 0 0 0 0 0 0 0 0 0 0 0 0 0 0 0 0 0 0 0 0 0 0 0 0 6 0 0 0 0 0 0 0 0 0 0 0 0 0 0 0 0 0 0 0 6 0 94 329 0 94 0 0 0 188 0 0 188 0 188 282 0 188 94 94 188 0 188 0 0 188 0 188 0 0 188 0 94 94 94 188 188 188 235 94 0 94 0 94 94 0 0 0 0 6 0 0 0 0 0 0 0 0 0 6 94 94 94 94 94 94 47 47 0 0 47 47 47 0 0 0 0 0 47 0 94 94 94 0 94 6 0 0 0 0 0 0 0 0 0 6 0 0 0 0 0 0 0 0 0 0 0 0 0 0 0 0 0 0 0 0 0 0 0 0 0 0 0 0 0 6 0 0 0 0 0 0 0 0 6 94 94 0 376 376 282 0 94 94 94 6 0 0 0 0 0 0 0 0 0 6 94 94 94 0 0 0 0 0 0 0 0 0 282 188 188 0 94 94 94 0 0 94 94 6 0 6 
275:/usr/local/share/lua/5.2/xml/init.lua
0 0 0 0 0 0 0 0 0 0 0 0 0 0 0 0 0 0 0 0 0 0 0 6 6 0 0 6 6 0 6 0 0 0 6 0 6 0 6 0 0 6 0 0 6 6 0 0 0 0 0 0 0 0 0 0 6 6 6 6 6 0 0 6 6 6 6 6 6 6 0 0 6 6 6 6 0 0 0 0 0 0 0 0 0 0 0 0 0 0 0 0 0 0 0 0 0 0 0 0 0 0 0 0 0 0 0 0 0 0 0 0 0 0 0 0 0 0 0 0 0 0 0 0 0 0 0 6 0 6 0 0 0 6 0 6 0 0 0 0 0 0 0 6 0 0 0 0 0 0 0 0 0 6 0 0 0 0 0 0 0 0 0 0 0 0 0 0 0 0 0 0 0 0 0 0 0 0 0 0 0 0 0 0 6 0 0 0 0 0 0 6 0 0 0 0 6 0 0 0 0 0 0 0 0 0 6 0 0 0 0 0 0 0 0 0 0 0 0 0 0 0 0 0 0 6 0 0 0 0 0 0 0 0 0 0 0 0 6 0 0 0 0 0 0 0 0 0 0 0 0 0 0 0 0 0 6 0 0 0 0 0 0 0 0 0 0 0 0 0 6 0 0 0 6 
138:/usr/local/share/lua/5.2/ssl/https.lua
0 0 0 0 0 0 0 0 6 6 6 6 6 0 6 6 0 6 6 6 6 0 6 0 6 6 0 0 6 0 6 6 6 6 0 0 0 0 0 0 0 0 47 6 0 0 0 0 0 0 0 0 0 0 0 0 0 0 0 0 6 0 0 0 47 799 752 0 1115 752 752 0 53 0 0 0 47 0 188 141 0 0 47 0 0 47 47 47 47 47 47 0 47 47 47 47 47 47 47 47 47 6 0 0 0 0 0 0 0 0 0 0 0 0 0 6 47 47 47 0 0 47 0 47 0 47 0 47 0 0 0 47 47 47 0 0 47 12 
276:/usr/local/share/lua/5.2/pl/path.lua
0 0 0 0 0 0 0 0 0 0 0 0 0 0 0 0 0 0 0 0 0 0 0 0 0 0 0 0 0 0 0 0 0 0 0 0 0 0 0 0 0 0 0 0 0 0 0 0 0 0 0 0 0 0 0 0 19 19 0 0 19 0 0 0 0 0 7 7 0 0 0 0 0 0 0 0 0 0 0 0 0 0 0 0 0 0 0 0 0 0 0 0 6 6 0 0 0 0 0 0 0 0 0 0 0 0 0 0 0 0 0 0 0 0 0 0 0 0 1866 0 0 0 0 0 0 0 0 0 0 0 0 0 0 0 0 0 0 0 0 0 0 0 0 0 0 0 0 0 0 0 152 152 152 1842 1690 1690 0 152 0 0 152 0 0 0 0 0 0 0 0 0 0 0 0 0 0 0 0 0 0 0 0 0 0 0 0 0 0 0 6 6 6 24 18 0 0 18 18 0 6 0 0 6 0 0 0 0 0 0 146 146 146 0 0 0 0 0 6 6 6 0 0 0 0 0 6 6 6 0 0 0 0 0 0 0 0 0 0 0 0 0 0 0 0 0 0 0 0 0 0 0 0 0 0 0 0 0 0 0 0 0 0 0 0 0 0 0 0 0 0 0 0 6 6 0 0 6 
124:/usr/local/share/lua/5.2/busted/context.lua
0 0 0 6 246 240 0 6 6 6 6 6 0 0 0 6 264 258 0 792 786 0 6 0 0 0 0 0 0 0 0 0 0 0 0 0 0 0 12 12 24 12 12 0 12 24 0 0 0 0 0 0 0 12 0 12 0 0 78 78 6 72 12 60 0 0 78 78 0 0 78 78 0 0 78 6 0 78 0 0 1278 0 0 0 0 0 0 0 0 0 0 0 0 0 0 0 0 0 78 78 78 78 0 0 31 0 0 0 4946 0 0 0 290 290 290 290 290 0 0 290 290 290 290 290 
454:.////src/pprint.lua
6 0 6 0 0 6 6 6 6 6 6 6 6 0 6 6 6 6 6 0 0 6 6 6 6 6 6 0 6 6 6 0 0 0 6 6 6 0 0 0 0 0 0 0 0 0 0 0 0 0 0 6 0 0 0 6 0 6 6 0 0 0 0 0 0 0 0 0 0 0 0 0 0 0 0 0 0 0 0 0 0 0 0 0 0 0 0 0 0 0 0 0 0 0 0 0 0 0 0 0 0 0 0 0 0 0 0 0 0 0 0 0 6 0 0 0 0 0 0 0 0 0 0 0 0 0 0 0 0 0 0 0 0 0 0 0 0 6 0 0 0 0 0 0 0 0 0 0 0 0 6 0 0 0 0 0 0 0 0 0 0 0 0 0 0 0 0 0 0 6 0 0 6 0 6 0 0 6 0 0 0 0 0 0 0 0 0 0 0 0 0 0 0 0 0 0 0 0 0 0 0 0 0 0 0 0 0 0 0 0 0 0 0 0 0 0 0 0 0 0 0 0 0 0 0 0 0 0 0 0 0 0 0 0 0 0 0 0 0 0 0 0 0 0 0 0 0 0 0 0 0 0 0 0 0 0 0 0 0 0 0 0 0 0 0 0 0 0 0 0 0 0 0 0 0 0 0 0 0 0 0 0 0 0 0 0 0 0 0 0 0 0 0 0 0 0 0 0 0 0 0 0 0 0 0 0 0 0 0 0 0 0 0 0 0 0 0 0 0 0 0 0 0 0 0 0 0 0 0 0 0 0 0 0 0 0 0 0 0 0 0 0 0 0 0 0 0 0 0 0 0 0 0 0 0 0 0 0 0 0 0 0 0 0 0 0 0 0 0 0 0 0 0 0 0 0 0 0 0 0 0 0 0 0 0 0 0 0 0 0 0 0 0 0 0 0 0 0 0 0 0 0 0 0 0 0 0 0 0 0 0 0 0 0 0 0 0 0 0 0 0 0 0 0 0 0 0 0 0 0 0 0 0 0 6 0 0 6 0 0 0 0 0 0 0 6 0 12 0 0 6 0 0 6 
24:/usr/local/share/lua/5.2/busted/modules/files/lua.lua
7 0 7 0 0 73 73 73 7 0 0 6 7 0 0 0 6 6 0 0 6 7 0 7 
98:/usr/local/share/lua/5.2/lub/Autoload.lua
0 0 0 0 0 0 0 0 0 6 6 6 6 0 0 0 0 6 12 12 12 12 6 0 0 6 0 12 6 0 6 6 0 0 0 0 6 0 0 0 0 0 0 0 0 0 0 0 6 0 6 0 0 0 6 0 0 0 0 0 0 0 6 0 0 6 0 0 0 0 0 0 0 0 0 0 0 6 0 0 6 0 0 0 0 0 0 0 0 0 0 0 6 0 0 6 0 6 
108:/usr/local/share/lua/5.2/busted/modules/files/moonscript.lua
7 0 14 7 7 0 7 0 0 0 0 0 0 0 0 0 0 7 0 0 0 0 0 0 0 0 0 0 0 0 7 0 0 0 0 0 7 0 0 0 0 0 0 0 0 0 0 0 0 0 0 0 0 0 0 0 0 0 0 0 0 0 0 0 0 0 7 0 7 0 0 0 0 0 0 0 0 0 0 0 7 0 0 0 0 0 0 0 0 0 0 0 7 0 0 0 7 0 0 0 0 0 0 0 0 7 0 7 
49:/usr/local/share/lua/5.2/busted/languages/en.lua
7 0 7 0 0 7 7 7 7 0 7 7 7 7 0 7 7 7 7 0 7 7 7 7 0 7 0 7 0 0 7 7 7 7 7 7 7 7 7 0 7 7 7 7 7 7 0 7 7 
37:/usr/local/share/lua/5.2/busted/compatibility.lua
0 0 972 972 972 0 0 2916 2916 2916 0 972 0 0 0 6 6 6 0 0 6 6 6 0 6 6 6 0 0 6 0 0 0 0 0 2 2 
51:/usr/local/share/lua/5.2/busted/execute.lua
0 0 7 0 0 14 0 0 0 0 0 0 0 0 0 0 0 0 0 0 0 0 0 0 0 7 0 14 7 0 0 0 7 7 7 7 7 0 7 7 0 7 0 7 0 0 0 14 0 7 7 
104:/Users/louis77/.luarocks/share/lua/5.2/socket/headers.lua
0 0 0 0 0 6 6 6 0 6 6 6 6 6 6 6 6 6 6 6 6 6 6 6 6 6 6 6 6 6 6 6 6 6 6 6 6 6 6 6 6 6 6 6 6 6 6 6 6 6 6 6 6 6 6 6 6 6 6 6 6 6 6 6 6 6 6 6 6 6 6 6 6 6 6 6 6 6 6 6 6 6 6 6 6 6 6 6 6 6 6 6 6 6 6 6 6 6 6 6 6 6 0 6 
401:/usr/local/share/lua/5.2/pl/utils.lua
0 0 0 0 0 0 0 0 0 0 0 0 0 0 0 0 0 0 0 0 0 0 0 0 0 0 0 0 0 0 0 0 0 0 0 0 0 0 0 0 0 0 0 0 0 0 0 0 0 0 0 0 0 0 0 0 0 0 0 0 0 0 0 0 0 0 0 0 0 0 0 0 0 0 0 0 0 0 0 0 0 0 0 0 0 0 0 0 0 0 0 0 0 0 0 0 0 0 0 0 0 6 6 0 0 0 0 0 0 0 0 0 0 0 0 0 0 0 0 0 0 0 0 0 0 0 0 0 0 0 0 0 0 0 0 0 0 0 0 0 0 0 0 0 0 0 0 0 0 0 0 0 0 0 0 0 0 0 0 0 0 0 0 0 0 0 0 0 0 0 0 0 0 0 0 0 0 0 0 0 0 0 0 0 0 0 0 0 0 0 0 0 0 0 0 0 0 0 0 0 0 0 0 0 0 0 0 0 0 0 0 0 0 0 0 0 0 0 0 0 0 0 0 0 0 0 0 0 0 0 0 0 0 0 0 0 0 0 0 0 0 0 0 0 0 0 0 0 0 0 0 0 0 0 0 0 0 0 0 0 0 0 0 0 0 0 0 0 0 0 0 0 0 0 0 0 0 0 0 0 0 0 0 0 0 0 0 0 0 0 0 0 0 0 0 0 0 0 0 0 0 0 0 0 0 0 0 0 0 0 0 0 0 0 0 0 0 0 0 0 0 0 0 12 12 12 0 0 0 0 0 0 0 0 0 0 0 0 0 0 0 0 0 0 0 0 0 0 0 0 0 0 0 0 0 0 0 0 0 0 0 0 0 0 0 0 0 0 0 0 0 0 0 0 0 0 0 0 0 0 0 0 0 0 0 0 385 0 0 385 0 0 385 0 0 0 0 0 0 360 360 
298:/Users/louis77/.luarocks/share/lua/5.2/ltn12.lua
0 0 0 0 0 0 0 0 0 6 6 6 6 6 6 0 6 0 6 6 6 6 0 0 6 6 0 0 0 0 0 6 0 0 0 0 0 0 6 0 0 0 6 0 0 0 0 0 0 0 0 0 0 0 0 0 0 0 0 0 0 0 0 0 0 0 0 0 0 0 6 0 0 0 0 0 0 0 6 0 6 0 6 0 0 6 0 0 0 6 0 0 6 0 0 0 0 0 0 0 6 0 0 6 0 0 0 0 0 0 0 6 0 0 6 47 47 0 94 94 94 47 47 0 6 0 0 6 0 0 0 0 0 0 0 0 0 0 0 6 0 6 0 0 0 0 0 0 0 0 0 0 0 0 0 0 0 0 0 0 0 0 0 0 0 0 0 0 0 0 0 0 0 0 0 0 0 0 0 0 0 0 0 0 0 0 6 0 0 0 0 6 0 0 0 0 0 0 0 0 0 0 6 0 0 0 0 0 6 47 0 94 94 47 47 6 0 0 6 0 0 0 0 0 0 0 6 0 0 6 0 0 0 0 0 0 0 0 6 0 0 0 0 6 0 6 0 6 0 0 6 0 0 0 6 0 0 6 0 0 0 0 0 0 0 0 0 0 0 0 0 6 0 0 0 0 0 6 188 188 188 94 6 0 0 6 94 94 0 188 188 94 94 0 0 6 0 6 
158:/usr/local/share/lua/5.2/busted/block.lua
0 0 0 0 0 0 0 0 0 0 0 0 0 0 0 7 0 7 972 972 816 0 816 0 979 0 7 54 972 918 0 61 0 0 12 12 12 12 7 0 7 168 0 168 126 126 0 0 0 0 168 30 0 168 168 138 0 0 30 30 0 0 0 0 0 0 30 0 30 7 0 7 199 0 199 126 126 0 0 0 0 199 0 199 205 6 0 0 0 0 199 7 0 7 229 229 0 229 235 6 0 0 0 0 0 229 126 0 0 0 229 7 0 7 42 7 0 7 31 30 30 0 38 0 7 31 7 0 7 31 7 0 7 24 0 24 24 0 24 0 24 24 0 0 24 0 0 0 24 24 0 0 24 24 0 31 0 7 
454:./src/pprint.lua
6 0 6 0 0 6 6 6 6 6 6 6 6 0 6 6 6 6 6 0 0 6 6 6 6 6 6 0 6 6 6 0 0 0 6 6 6 0 0 0 0 0 0 0 0 0 0 0 0 0 0 6 0 0 0 6 0 6 6 0 0 0 0 0 0 0 0 0 0 0 0 0 0 0 0 0 0 0 0 0 0 0 0 0 0 0 0 0 0 0 0 0 0 0 0 0 0 0 0 0 0 0 0 0 0 0 0 0 0 0 0 0 6 0 0 0 0 0 0 0 0 0 0 0 0 0 0 0 0 0 0 0 0 0 0 0 0 6 0 0 0 0 0 0 0 0 0 0 0 0 6 0 0 0 0 0 0 0 0 0 0 0 0 0 0 0 0 0 0 6 0 0 6 0 6 0 0 6 0 0 0 0 0 0 0 0 0 0 0 0 0 0 0 0 0 0 0 0 0 0 0 0 0 0 0 0 0 0 0 0 0 0 0 0 0 0 0 0 0 0 0 0 0 0 0 0 0 0 0 0 0 0 0 0 0 0 0 0 0 0 0 0 0 0 0 0 0 0 0 0 0 0 0 0 0 0 0 0 0 0 0 0 0 0 0 0 0 0 0 0 0 0 0 0 0 0 0 0 0 0 0 0 0 0 0 0 0 0 0 0 0 0 0 0 0 0 0 0 0 0 0 0 0 0 0 0 0 0 0 0 0 0 0 0 0 0 0 0 0 0 0 0 0 0 0 0 0 0 0 0 0 0 0 0 0 0 0 0 0 0 0 0 0 0 0 0 0 0 0 0 0 0 0 0 0 0 0 0 0 0 0 0 0 0 0 0 0 0 0 0 0 0 0 0 0 0 0 0 0 0 0 0 0 0 0 0 0 0 0 0 0 0 0 0 0 0 0 0 0 0 0 0 0 0 0 0 0 0 0 0 0 0 0 0 0 0 0 0 0 0 0 0 0 0 0 0 0 0 0 0 0 0 0 0 6 0 0 6 0 0 0 0 0 0 0 6 0 12 0 0 6 0 0 6 
5:/usr/local/share/lua/5.2/luassert/modifiers.lua
0 0 0 0 64 
149:.////src/dropbox.lua
0 3 5 5 2 0 3 4 4 0 3 2 3 0 1 3 0 24 24 4 15 15 26 24 11 23 40 5 0 23 52 22 0 76 35 21 26 48 23 0 27 15 10 3 11 9 5 3 6 6 6 0 4 3 1 3 7 1 0 2 5 7 3 5 4 2 6 4 1 1 0 1 2 0 2 3 1 0 7 7 3 7 6 4 5 1 4 2 0 2 0 0 0 1 0 1 2 5 0 2 1 0 2 3 5 4 3 3 2 5 5 2 2 3 5 5 0 5 6 2 3 9 11 2 10 6 7 10 4 9 6 4 5 4 4 4 1 0 1 1 0 1 3 3 0 3 1 0 1 
776:/usr/local/share/lua/5.2/lub/init.lua
0 0 0 0 0 0 0 0 0 0 0 0 0 0 0 0 6 0 6 0 6 0 6 0 6 0 18 0 6 0 0 0 0 0 0 0 0 0 0 0 0 6 0 6 0 6 0 0 6 0 0 6 6 0 0 0 0 0 0 0 0 0 0 6 6 6 6 6 0 0 6 6 6 6 0 6 0 0 0 0 0 0 0 0 6 0 0 0 0 0 0 0 0 0 0 0 0 0 0 0 0 0 0 0 0 0 0 0 0 0 0 0 6 0 0 0 0 0 0 0 0 0 0 0 0 0 0 0 0 0 0 0 0 0 0 0 0 0 0 0 6 6 6 6 0 6 6 0 0 0 0 0 0 0 0 0 0 0 0 0 0 0 0 0 0 0 0 0 0 0 0 0 0 0 0 0 0 0 0 0 0 0 0 0 0 0 0 0 0 0 0 0 0 0 0 0 0 0 0 0 0 0 0 0 0 0 0 0 0 0 0 0 0 0 0 0 0 0 6 0 0 6 0 0 0 0 0 0 0 0 0 0 0 0 0 0 0 0 0 6 0 0 6 0 0 0 0 0 0 0 0 0 0 0 0 0 0 0 0 0 0 0 0 0 0 0 0 0 0 0 0 0 0 0 0 0 0 0 0 6 0 0 6 0 0 0 0 0 0 0 0 6 0 0 0 0 0 0 0 0 0 0 0 0 6 0 0 0 0 0 0 0 0 0 0 0 0 0 0 6 0 0 0 0 0 0 0 0 0 0 0 0 0 0 0 0 0 0 6 0 0 0 0 0 0 0 0 0 0 0 0 0 0 0 0 0 0 6 0 0 0 0 6 0 0 0 6 0 0 0 0 0 6 0 0 0 0 6 0 0 0 0 0 0 0 0 0 6 0 0 0 0 6 0 0 0 0 0 0 0 0 0 0 0 6 0 0 6 0 0 6 0 0 0 6 0 0 6 0 0 0 6 0 0 6 0 0 0 6 0 0 0 0 6 0 0 0 0 6 0 0 0 0 0 0 0 0 0 0 0 0 0 0 0 0 0 6 0 0 0 0 0 0 6 0 0 0 0 0 0 0 0 0 6 0 0 6 0 6 0 0 0 0 0 0 0 0 0 0 6 0 0 0 0 0 0 0 0 0 0 0 0 0 0 0 0 0 0 0 0 6 0 0 0 0 0 0 0 0 6 0 0 0 0 0 0 0 0 0 0 0 6 0 0 0 0 6 0 6 0 0 0 0 0 0 6 0 0 0 0 0 0 0 0 0 0 0 0 0 0 0 0 0 0 0 0 0 0 0 0 0 0 0 6 0 0 0 0 0 6 0 0 0 0 0 0 0 0 0 6 0 0 0 6 0 0 0 0 0 0 0 0 0 0 0 6 0 0 0 6 0 0 0 0 0 0 0 0 0 0 0 0 0 0 0 0 0 6 0 0 0 6 0 0 0 6 0 0 0 0 0 0 0 0 0 0 0 0 0 0 0 0 0 0 0 0 0 0 6 0 6 0 0 0 0 0 0 0 0 0 0 0 0 0 6 0 0 0 0 0 0 0 0 6 0 0 0 0 0 0 0 0 6 0 0 0 0 0 0 0 6 0 0 0 0 0 0 0 0 0 0 0 6 0 0 0 0 0 0 0 0 0 0 0 0 0 0 0 6 0 0 0 0 0 0 0 0 6 0 0 0 0 6 0 0 0 6 0 6 0 0 0 0 0 0 0 0 0 0 0 0 6 0 0 0 6 0 0 6 0 6 0 0 0 0 6 
283:/usr/local/share/lua/5.2/luassert/util.lua
0 0 0 0 0 0 0 0 0 0 0 0 0 0 0 0 0 0 0 0 0 0 0 0 0 0 0 0 0 0 0 0 0 0 0 0 0 0 0 0 0 0 0 0 0 0 0 0 0 0 0 0 0 0 0 0 0 0 0 0 0 0 0 0 0 0 0 0 0 0 0 0 0 0 0 0 0 0 0 0 0 0 0 0 0 0 0 0 0 0 0 0 0 0 0 0 0 0 0 0 0 0 0 0 0 0 0 0 0 0 0 0 0 0 0 0 0 0 0 0 0 0 0 0 0 0 0 0 0 0 0 0 0 0 0 0 0 0 0 0 0 0 0 0 0 0 0 0 0 0 0 0 0 59 59 59 59 59 59 0 0 0 0 59 59 0 59 0 0 0 0 0 118 59 0 0 59 59 0 0 0 0 0 0 0 0 0 59 59 0 59 0 0 0 0 0 59 0 118 59 0 0 59 59 59 0 0 0 0 0 0 0 0 0 0 0 0 0 0 0 0 0 0 0 0 0 0 0 0 0 0 0 76 76 76 76 152 76 76 76 0 76 76 0 0 0 0 0 0 0 0 76 0 0 76 76 76 216 140 140 0 0 140 140 0 0 0 0 0 0 140 140 140 0 140 0 0 0 76 0 0 0 76 
258:/usr/local/share/lua/5.2/luarocks/path.lua
0 0 0 0 0 0 0 0 0 0 0 0 0 0 0 0 0 0 0 0 0 0 0 0 0 0 0 0 0 0 0 0 0 0 0 0 0 0 0 0 0 0 0 0 0 0 0 0 0 0 0 0 0 0 0 0 0 0 0 0 0 0 0 0 0 0 0 0 0 0 0 0 0 0 0 0 0 0 0 0 0 0 0 0 0 0 0 0 0 0 0 0 0 0 0 0 0 0 0 0 0 0 0 0 0 0 0 0 0 0 0 0 0 0 0 0 0 0 0 0 0 0 0 0 0 0 0 0 0 0 0 0 0 0 0 0 0 0 0 0 0 0 0 0 0 0 0 0 0 0 0 0 0 0 0 0 0 0 0 0 0 0 0 0 0 0 0 0 0 0 0 0 0 0 0 0 0 0 0 0 0 0 0 0 0 0 0 0 0 0 0 0 0 0 0 0 0 0 0 0 0 0 0 0 0 0 0 0 0 0 0 0 0 0 0 0 0 0 0 0 0 0 0 0 0 0 0 0 0 0 0 0 0 0 0 0 0 0 0 0 179 0 179 179 148 148 148 12 12 0 31 31 31 0 0 179 179 179 
42:/usr/local/share/lua/5.2/busted/status.lua
0 374 374 374 374 374 374 374 374 0 374 0 0 0 332 332 514 332 332 332 0 0 0 332 0 0 0 332 0 0 0 42 42 42 0 374 0 0 664 332 416 332 
55:/usr/local/share/lua/5.2/xml/Parser.lua
0 0 0 0 0 0 0 0 6 6 6 0 0 0 0 0 0 0 0 0 0 0 0 0 0 0 0 0 0 0 0 0 0 0 0 0 0 0 0 0 0 0 0 0 0 0 0 0 0 0 6 0 6 0 6 
214:/usr/local/share/lua/5.2/luarocks/loader.lua
0 0 0 0 0 0 0 0 0 0 0 0 0 0 0 0 0 0 0 0 0 0 0 0 0 0 0 0 0 0 0 0 0 0 0 0 0 0 0 0 0 0 0 0 0 0 0 0 0 0 0 0 0 0 0 0 172 129 0 43 0 43 0 0 0 57 50 0 50 50 14 0 50 36 0 28 14 0 42 28 28 0 0 0 0 0 0 0 0 0 7 0 0 0 0 0 0 7 0 0 0 0 0 0 0 0 0 0 0 0 0 0 0 0 719 719 547 547 172 0 0 0 0 0 0 0 0 0 0 0 0 0 0 0 0 0 0 0 0 0 0 214 0 0 0 214 470 385 385 229 179 179 179 0 0 179 179 129 0 50 50 0 0 0 0 85 43 43 43 0 42 0 0 0 0 0 0 0 0 0 0 428 179 0 0 179 179 214 0 0 0 0 0 0 0 0 0 0 0 0 0 0 0 0 0 0 0 0 214 214 42 0 172 172 
476:/usr/local/share/lua/5.2/pl/dir.lua
0 0 0 0 0 0 7 7 7 7 7 7 7 7 7 7 7 7 7 7 7 7 0 7 0 0 6 13 0 0 0 7 0 0 6 6 7 0 0 0 0 0 0 0 7 0 0 0 7 0 0 0 0 0 0 0 7 0 0 0 0 0 0 0 0 7 0 0 0 0 0 0 0 0 0 0 0 0 0 0 7 0 0 0 0 0 0 7 0 0 0 0 0 0 0 0 0 0 7 0 0 0 0 0 7 0 0 7 0 0 0 0 0 0 0 0 7 0 0 7 0 0 0 0 0 0 0 0 0 0 0 7 0 0 0 0 0 0 0 0 0 0 0 0 0 0 0 0 0 0 0 0 0 0 0 0 0 0 0 0 0 0 0 0 0 0 0 0 0 0 0 0 0 0 0 0 0 0 0 0 0 0 0 0 0 0 0 0 0 7 0 0 0 7 0 0 0 0 0 0 0 0 0 0 0 0 0 0 0 0 0 0 0 0 0 0 0 0 0 0 0 0 0 0 0 0 0 0 0 0 0 0 0 0 7 0 0 0 0 0 0 0 7 0 0 0 0 7 0 0 0 0 0 0 7 0 0 0 7 0 0 0 0 0 0 0 0 0 0 0 0 0 0 0 0 7 0 0 0 0 0 0 0 0 0 7 0 0 0 0 0 0 0 0 0 0 0 0 0 0 7 0 0 0 0 0 0 0 0 7 0 0 0 0 0 0 7 0 0 0 0 0 0 0 0 0 7 0 7 7 0 0 7 0 0 7 7 0 0 0 0 0 0 0 0 0 0 0 0 7 0 0 0 0 0 0 7 0 0 7 0 0 0 0 0 0 0 0 0 0 0 0 0 0 7 0 0 0 0 0 0 0 0 0 0 0 0 0 0 0 0 0 0 0 0 0 0 0 0 0 0 0 0 0 0 0 0 0 0 0 0 0 0 0 0 0 7 0 0 0 0 0 7 6 6 6 0 6 6 0 0 0 0 24 18 6 6 6 6 6 0 0 0 0 0 12 0 12 7 0 0 0 0 0 0 0 0 7 6 6 0 6 6 12 6 6 6 6 0 0 0 0 6 7 0 7 
91:/usr/local/share/lua/5.2/busted/modules/test_file_loader.lua
7 0 0 7 7 7 7 7 0 21 14 14 0 0 0 7 0 7 0 7 6 6 0 12 6 12 0 12 6 0 0 6 0 12 0 1 0 0 7 7 0 0 7 14 7 0 7 7 0 0 0 6 6 6 0 0 7 0 0 7 0 7 0 7 0 0 0 13 6 0 6 12 6 6 6 6 0 0 6 0 0 0 7 1 0 0 7 7 0 7 7 
793:/usr/local/share/lua/5.2/pl/tablex.lua
0 0 0 0 0 0 0 0 0 0 0 0 0 0 0 0 0 0 0 0 0 0 0 0 12 12 0 0 0 0 0 0 0 0 0 0 0 12 0 0 12 0 0 6 0 0 6 0 0 0 0 0 0 0 0 0 0 0 0 0 0 0 0 0 0 0 0 0 0 0 0 0 0 0 0 0 0 0 0 0 0 0 0 0 0 0 0 0 6 6 648 642 0 6 0 0 0 0 0 0 0 0 0 0 0 0 0 0 0 0 0 0 0 0 0 0 0 0 0 0 0 0 0 0 0 0 0 0 0 0 0 0 0 0 0 0 0 0 0 0 0 0 0 0 0 0 0 0 0 0 0 0 0 0 0 0 0 0 0 0 0 0 0 0 0 0 0 0 0 0 0 0 0 0 0 0 0 0 0 0 0 0 0 0 0 0 0 0 0 0 0 0 0 0 0 0 0 0 0 0 0 0 0 0 0 0 0 0 0 0 0 0 0 0 0 0 0 0 0 0 0 0 0 0 0 0 0 0 0 0 0 0 0 0 0 0 0 0 0 0 0 0 0 0 0 0 0 0 0 0 0 0 0 0 0 0 0 0 0 0 0 0 0 0 0 0 0 0 0 0 0 0 0 0 0 0 0 0 0 0 0 0 0 0 0 0 0 0 0 0 0 0 0 0 0 0 0 0 0 0 0 0 0 0 0 0 0 0 0 0 0 0 0 0 0 0 0 0 0 0 0 0 0 0 0 0 0 0 0 0 0 0 0 0 0 0 0 0 0 0 0 0 0 0 0 0 0 0 0 0 0 0 0 0 0 0 0 0 0 0 0 0 0 0 0 0 0 0 0 0 0 0 0 0 0 0 0 0 0 0 0 0 0 0 0 0 0 0 0 0 0 0 0 0 0 0 0 0 0 0 0 0 0 0 0 0 0 0 0 0 0 0 0 0 0 0 0 0 0 0 0 0 0 0 0 0 0 0 0 0 0 0 0 0 0 0 0 0 0 0 0 0 0 0 0 0 0 0 0 0 0 0 0 0 0 0 0 0 0 0 0 0 0 0 0 0 0 0 0 0 0 0 0 0 0 0 0 0 0 0 0 0 0 0 0 0 0 0 0 0 0 0 0 0 0 0 0 0 0 0 0 0 0 0 0 0 0 0 0 0 0 0 0 0 0 0 0 0 0 0 0 0 0 0 0 0 0 0 0 0 0 0 0 0 0 0 0 0 0 0 0 0 0 0 0 0 0 0 0 0 0 0 0 0 0 0 0 0 0 0 0 0 0 0 0 0 0 0 0 0 0 0 0 0 0 0 0 0 0 0 0 0 0 0 0 0 0 0 0 0 0 0 0 0 0 0 0 0 0 0 0 0 0 0 0 0 0 0 0 0 0 0 0 0 0 0 0 0 0 0 0 0 0 0 0 0 0 0 12 12 12 24 12 12 12 12 0 0 12 0 0 0 0 0 0 0 0 0 0 0 0 0 0 0 0 0 0 0 0 0 0 0 0 0 0 0 0 0 0 0 0 0 0 0 0 0 0 0 0 0 0 0 0 0 0 0 0 0 0 0 0 0 0 0 0 0 0 0 0 0 0 0 0 0 0 0 0 0 0 0 0 0 0 0 0 0 0 0 0 0 0 0 0 0 0 0 0 0 0 0 0 0 0 0 0 0 0 0 0 0 0 0 0 0 0 0 0 0 0 0 0 0 0 0 0 0 0 0 0 0 0 0 0 0 0 0 0 0 0 0 0 0 0 0 0 0 7 7 7 7 0 0 0 7 6 0 0 6 12 6 0 0 7 
149:/Users/louis77/.luarocks/share/lua/5.2/socket.lua
0 0 0 0 0 0 0 0 7 7 7 7 0 7 0 0 0 0 7 0 7 0 7 0 7 0 7 0 0 0 0 0 0 0 0 0 0 0 0 0 0 0 0 0 0 0 0 0 0 0 0 0 0 7 0 7 0 7 0 94 0 0 94 94 94 14 7 0 0 0 0 0 7 7 7 0 7 0 0 0 0 0 0 0 0 0 0 0 0 0 7 0 0 94 47 47 47 0 94 47 47 47 7 0 7 0 7 0 0 0 0 0 0 0 0 0 0 0 0 0 0 0 7 0 0 0 0 0 0 0 0 0 0 0 0 0 0 0 0 0 0 7 0 0 7 0 7 0 7 
119:/usr/local/share/lua/5.2/busted/init.lua
0 0 0 0 6 6 6 0 6 6 0 0 18 18 18 0 18 18 0 0 42 42 0 42 0 0 0 0 42 0 42 42 42 0 42 0 42 42 42 42 42 0 0 0 0 0 0 42 0 0 42 42 0 0 0 0 0 0 0 0 0 0 0 0 0 0 0 0 0 0 0 0 0 0 0 0 0 0 0 0 0 0 0 0 0 0 0 0 0 0 0 0 0 0 0 0 0 0 0 0 0 0 0 0 0 0 0 0 0 0 0 0 0 0 0 0 0 0 246 
39:/usr/local/share/lua/5.2/term/colors.lua
0 0 0 0 0 0 0 0 0 0 0 0 0 0 0 0 0 0 0 0 0 0 0 0 0 0 0 0 0 0 144 0 0 0 144 0 0 0 72 
